<?xml version="1.0" encoding="UTF-8"?>
<robot generated="20140110 13:47:51.325" generator="Robot 2.8.1 (Python 2.7.5 on win32)">
<suite source="E:\soft\robot framework\WebDemo\login_tests\gherkin_login.txt" id="s1" name="Gherkin Login">
<test id="s1-t1" name="Valid Login">
<kw type="kw" name="Given browser is opened to login page">
<doc></doc>
<arguments>
</arguments>
<kw type="kw" name="resource.Open Browser To Login Page">
<doc></doc>
<arguments>
</arguments>
<kw type="kw" name="Selenium2Library.Open Browser">
<doc>Opens a new browser instance to given URL.</doc>
<arguments>
<arg>${LOGIN URL}</arg>
<arg>${BROWSER}</arg>
</arguments>
<msg timestamp="20140110 13:47:51.430" level="INFO">Opening browser 'Firefox' to base url 'http://localhost:7272/'</msg>
<kw type="kw" name="Selenium2Library.Capture Page Screenshot">
<doc>Takes a screenshot of the current page and embeds it into the log.</doc>
<arguments>
</arguments>
<msg timestamp="20140110 13:48:55.031" level="FAIL">No browser is open</msg>
<status status="FAIL" endtime="20140110 13:48:55.032" starttime="20140110 13:48:55.030"></status>
</kw>
<msg timestamp="20140110 13:48:55.032" level="WARN">Keyword 'Capture Page Screenshot' could not be run on failure: No browser is open</msg>
<msg timestamp="20140110 13:48:55.034" level="FAIL">WebDriverException: Message: 'Can\'t load the profile. Profile Dir: c:\\users\\chengh~1\\appdata\\local\\temp\\tmplah0ca\\webdriver-py-profilecopy Firefox output: *** LOG addons.xpi: startup\r\n*** LOG addons.xpi: Skipping unavailable install location app-system-local\r\n*** LOG addons.xpi: Skipping unavailable install location app-system-share\r\n*** LOG addons.xpi: checkForChanges\r\n*** LOG addons.xpi: No changes found\r\n************************************************************\r\n* Call to xpconnect wrapped JSObject produced this error:  *\r\n[Exception... "\'[JavaScript Error: "this.updateDisplay is not a function" {file: "chrome://browser/content/search/search.xml" line: 79}]\' when calling method: [nsIBrowserSearchInitObserver::onInitComplete]"  nsresult: "0x80570021 (NS_ERROR_XPC_JAVASCRIPT_ERROR_WITH_DETAILS)"  location: "JS frame :: resource://gre/components/nsSearchService.js :: onSuccess :: line 3249"  data: yes]\r\n************************************************************\r\nJavaScript error: chrome://browser/content/urlbarBindings.xml, line 654: aUrl is undefined\r\n' </msg>
<status status="FAIL" endtime="20140110 13:48:55.034" starttime="20140110 13:47:51.429"></status>
</kw>
<status status="FAIL" endtime="20140110 13:48:55.034" starttime="20140110 13:47:51.429"></status>
</kw>
<status status="FAIL" endtime="20140110 13:48:55.034" starttime="20140110 13:47:51.428"></status>
</kw>
<kw type="teardown" name="Selenium2Library.Close Browser">
<doc>Closes the current browser.</doc>
<arguments>
</arguments>
<status status="PASS" endtime="20140110 13:48:55.035" starttime="20140110 13:48:55.035"></status>
</kw>
<doc></doc>
<tags>
</tags>
<status status="FAIL" endtime="20140110 13:48:55.035" critical="yes" starttime="20140110 13:47:51.428">WebDriverException: Message: 'Can\'t load the profile. Profile Dir: c:\\users\\chengh~1\\appdata\\local\\temp\\tmplah0ca\\webdriver-py-profilecopy Firefox output: *** LOG addons.xpi: startup\r\n*** LOG addons.xpi: Skipping unavailable install location app-system-local\r\n*** LOG addons.xpi: Skipping unavailable install location app-system-share\r\n*** LOG addons.xpi: checkForChanges\r\n*** LOG addons.xpi: No changes found\r\n************************************************************\r\n* Call to xpconnect wrapped JSObject produced this error:  *\r\n[Exception... "\'[JavaScript Error: "this.updateDisplay is not a function" {file: "chrome://browser/content/search/search.xml" line: 79}]\' when calling method: [nsIBrowserSearchInitObserver::onInitComplete]"  nsresult: "0x80570021 (NS_ERROR_XPC_JAVASCRIPT_ERROR_WITH_DETAILS)"  location: "JS frame :: resource://gre/components/nsSearchService.js :: onSuccess :: line 3249"  data: yes]\r\n************************************************************\r\nJavaScript error: chrome://browser/content/urlbarBindings.xml, line 654: aUrl is undefined\r\n' </status>
</test>
<doc>A test suite with a single Gherkin style test.

This test is functionally identical to the example in
valid_login.txt file.</doc>
<metadata>
</metadata>
<status status="FAIL" endtime="20140110 13:48:55.041" starttime="20140110 13:47:51.325"></status>
</suite>
<statistics>
<total>
<stat fail="1" pass="0">Critical Tests</stat>
<stat fail="1" pass="0">All Tests</stat>
</total>
<tag>
</tag>
<suite>
<stat fail="1" pass="0" id="s1" name="Gherkin Login">Gherkin Login</stat>
</suite>
</statistics>
<errors>
<msg timestamp="20140110 13:48:55.032" level="WARN">Keyword 'Capture Page Screenshot' could not be run on failure: No browser is open</msg>
</errors>
</robot>
